<?xml version="1.0" encoding="UTF-8"?>
<!-- Generated by org.testng.reporters.JUnitXMLReporter -->
<testsuite ignored="3" hostname="ISW-221119-1086" failures="1" tests="44" name="UAT Test" time="2569.2" errors="0" timestamp="2023-11-02T10:54:54 WAT">
  <testcase classname="base.Announcement_Card_QTW_1507.AnnouncementCardBrowserSetup" name="@BeforeMethod launch_browser" time="181.901">
    <failure type="org.openqa.selenium.TimeoutException" message="java.util.concurrent.TimeoutException
Build info: version: &amp;apos;4.12.1&amp;apos;, revision: &amp;apos;8e34639b11&amp;apos;
System info: os.name: &amp;apos;Windows 10&amp;apos;, os.arch: &amp;apos;amd64&amp;apos;, os.version: &amp;apos;10.0&amp;apos;, java.version: &amp;apos;21&amp;apos;
Driver info: org.openqa.selenium.chrome.ChromeDriver
Command: [870480fda8d0f30e006725d6a8b5fe10, get {url=https://quickteller-innovation.k8.isw.la/}]
Capabilities {acceptInsecureCerts: false, browserName: chrome, browserVersion: 118.0.5993.118, chrome: {chromedriverVersion: 118.0.5993.70 (e52f33f30b91..., userDataDir: C:\Users\DANIEL~1.OGA\AppDa...}, fedcm:accounts: true, goog:chromeOptions: {debuggerAddress: localhost:58411}, networkConnectionEnabled: false, pageLoadStrategy: normal, platformName: windows, proxy: Proxy(), se:cdp: ws://localhost:58411/devtoo..., se:cdpVersion: 118.0.5993.118, setWindowRect: true, strictFileInteractability: false, timeouts: {implicit: 0, pageLoad: 300000, script: 30000}, unhandledPromptBehavior: dismiss and notify, webauthn:extension:credBlob: true, webauthn:extension:largeBlob: true, webauthn:extension:minPinLength: true, webauthn:extension:prf: true, webauthn:virtualAuthenticators: true}
Session ID: 870480fda8d0f30e006725d6a8b5fe10">
      <![CDATA[org.openqa.selenium.TimeoutException: java.util.concurrent.TimeoutException
Build info: version: '4.12.1', revision: '8e34639b11'
System info: os.name: 'Windows 10', os.arch: 'amd64', os.version: '10.0', java.version: '21'
Driver info: org.openqa.selenium.chrome.ChromeDriver
Command: [870480fda8d0f30e006725d6a8b5fe10, get {url=https://quickteller-innovation.k8.isw.la/}]
Capabilities {acceptInsecureCerts: false, browserName: chrome, browserVersion: 118.0.5993.118, chrome: {chromedriverVersion: 118.0.5993.70 (e52f33f30b91..., userDataDir: C:\Users\DANIEL~1.OGA\AppDa...}, fedcm:accounts: true, goog:chromeOptions: {debuggerAddress: localhost:58411}, networkConnectionEnabled: false, pageLoadStrategy: normal, platformName: windows, proxy: Proxy(), se:cdp: ws://localhost:58411/devtoo..., se:cdpVersion: 118.0.5993.118, setWindowRect: true, strictFileInteractability: false, timeouts: {implicit: 0, pageLoad: 300000, script: 30000}, unhandledPromptBehavior: dismiss and notify, webauthn:extension:credBlob: true, webauthn:extension:largeBlob: true, webauthn:extension:minPinLength: true, webauthn:extension:prf: true, webauthn:virtualAuthenticators: true}
Session ID: 870480fda8d0f30e006725d6a8b5fe10
at org.openqa.selenium.remote.http.netty.NettyHttpHandler.makeCall(NettyHttpHandler.java:65)
at org.openqa.selenium.remote.http.AddSeleniumUserAgent.lambda$apply$0(AddSeleniumUserAgent.java:42)
at org.openqa.selenium.remote.http.Filter.lambda$andFinally$1(Filter.java:55)
at org.openqa.selenium.remote.http.netty.NettyHttpHandler.execute(NettyHttpHandler.java:48)
at org.openqa.selenium.remote.http.netty.NettyClient.execute(NettyClient.java:96)
at org.openqa.selenium.remote.HttpCommandExecutor.execute(HttpCommandExecutor.java:188)
at org.openqa.selenium.remote.service.DriverCommandExecutor.invokeExecute(DriverCommandExecutor.java:196)
at org.openqa.selenium.remote.service.DriverCommandExecutor.execute(DriverCommandExecutor.java:171)
at org.openqa.selenium.remote.RemoteWebDriver.execute(RemoteWebDriver.java:602)
at org.openqa.selenium.remote.RemoteWebDriver.get(RemoteWebDriver.java:304)
at base.Announcement_Card_QTW_1507.AnnouncementCardBrowserSetup.launch_browser(AnnouncementCardBrowserSetup.java:52)
at java.base/java.util.ArrayList.forEach(ArrayList.java:1596)
Caused by: java.util.concurrent.TimeoutException
at java.base/java.util.concurrent.CompletableFuture.timedGet(CompletableFuture.java:1960)
at java.base/java.util.concurrent.CompletableFuture.get(CompletableFuture.java:2095)
at org.asynchttpclient.netty.NettyResponseFuture.get(NettyResponseFuture.java:206)
at org.openqa.selenium.remote.http.netty.NettyHttpHandler.makeCall(NettyHttpHandler.java:59)
... 40 more
... Removed 29 stack frames]]>
    </failure>
  </testcase> <!-- @BeforeMethod launch_browser -->
  <testcase classname="base.Announcement_Card_QTW_1507.AnnouncementCardBrowserSetup" name="@AfterMethod close_browser" time="0.0">
    <skipped/>
  </testcase> <!-- @AfterMethod close_browser -->
  <testcase classname="base.Announcement_Card_QTW_1507.AnnouncementCardBrowserSetup" name="@BeforeMethod launch_browser" time="0.0">
    <skipped/>
  </testcase> <!-- @BeforeMethod launch_browser -->
  <testcase classname="base.Announcement_Card_QTW_1507.AnnouncementCardBrowserSetup" name="@AfterMethod close_browser" time="0.0">
    <skipped/>
  </testcase> <!-- @AfterMethod close_browser -->
  <testcase classname="base.Announcement_Card_QTW_1507.AnnouncementCardBrowserSetup" name="@BeforeMethod launch_browser" time="0.0">
    <skipped/>
  </testcase> <!-- @BeforeMethod launch_browser -->
  <testcase classname="base.Announcement_Card_QTW_1507.AnnouncementCardBrowserSetup" name="@AfterMethod close_browser" time="0.0">
    <skipped/>
  </testcase> <!-- @AfterMethod close_browser -->
  <testcase classname="base.Announcement_Card_QTW_1507.AnnouncementCardBrowserSetup" name="@BeforeMethod launch_browser" time="0.0">
    <skipped/>
  </testcase> <!-- @BeforeMethod launch_browser -->
  <testcase classname="base.Announcement_Card_QTW_1507.AnnouncementCardBrowserSetup" name="@AfterMethod close_browser" time="0.0">
    <skipped/>
  </testcase> <!-- @AfterMethod close_browser -->
  <testcase classname="base.Announcement_Card_QTW_1507.AnnouncementCardBrowserSetup" name="@BeforeMethod launch_browser" time="0.0">
    <skipped/>
  </testcase> <!-- @BeforeMethod launch_browser -->
  <testcase classname="base.Announcement_Card_QTW_1507.AnnouncementCardBrowserSetup" name="@AfterMethod close_browser" time="0.0">
    <skipped/>
  </testcase> <!-- @AfterMethod close_browser -->
  <testcase classname="base.Announcement_Card_QTW_1507.AnnouncementCardBrowserSetup" name="@BeforeMethod launch_browser" time="0.0">
    <skipped/>
  </testcase> <!-- @BeforeMethod launch_browser -->
  <testcase classname="base.Announcement_Card_QTW_1507.AnnouncementCardBrowserSetup" name="@AfterMethod close_browser" time="0.0">
    <skipped/>
  </testcase> <!-- @AfterMethod close_browser -->
  <testcase classname="base.Announcement_Card_QTW_1507.AnnouncementCardBrowserSetup" name="@BeforeMethod launch_browser" time="0.0">
    <skipped/>
  </testcase> <!-- @BeforeMethod launch_browser -->
  <testcase classname="base.Announcement_Card_QTW_1507.AnnouncementCardBrowserSetup" name="@AfterMethod close_browser" time="0.0">
    <skipped/>
  </testcase> <!-- @AfterMethod close_browser -->
  <testcase classname="testcases.Transport_Return_Trip_QTW_1564.Transport_Return_Trip" name="Testcase_One" time="41.934"/>
  <testcase classname="testcases.Transport_Return_Trip_QTW_1564.Transport_Return_Trip" name="Testcase_Two" time="41.757"/>
  <testcase classname="testcases.Earnings_History_QTW_1568.Earnings_History" name="TestCase_One" time="25.714"/>
  <testcase classname="testcases.Earnings_History_QTW_1568.Earnings_History" name="TestCase_Two" time="24.182"/>
  <testcase classname="testcases.Earnings_History_QTW_1568.Earnings_History" name="TestCase_Three" time="21.099"/>
  <testcase classname="testcases.Earnings_History_QTW_1568.Earnings_History" name="TestCase_Four" time="19.851"/>
  <testcase classname="testcases.Earnings_History_QTW_1568.Earnings_History" name="TestCase_Five" time="27.21"/>
  <testcase classname="testcases.Earnings_History_QTW_1568.Earnings_History" name="TestCase_Six" time="24.806"/>
  <testcase classname="testcases.Earnings_History_QTW_1568.Earnings_History" name="TestCase_Seven" time="28.543"/>
  <testcase classname="testcases.Web_Receipt_Mod_QTW_1555.Web_Receipt_Mod_QTW_1555" name="Successful_Transaction" time="52.567"/>
  <testcase classname="testcases.Web_Receipt_Mod_QTW_1555.Web_Receipt_Mod_QTW_1555" name="Transaction_History" time="45.588"/>
  <testcase classname="testcases.Transaction_History_QTW_1494.Transaction_History_QTW1494" name="SixMonths_Transaction_History" time="27.818"/>
  <testcase classname="testcases.Transaction_History_QTW_1494.Transaction_History_QTW1494" name="Filter_Transactions" time="45.419"/>
  <testcase classname="testcases.Transaction_History_QTW_1494.Transaction_History_QTW1494" name="Request_For_transaction_Statement" time="28.386"/>
  <testcase classname="testcases.Transaction_History_QTW_1494.Transaction_History_QTW1494" name="No_statement_Beyond_SixMonths" time="48.022"/>
  <testcase classname="testcases.Transaction_History_QTW_1494.Transaction_History_QTW1494" name="Navigate_To_Trans_Statement_From_Prompt" time="43.48"/>
  <testcase classname="testcases.Transaction_History_QTW_1494.Transaction_History_QTW1494" name="Submit_Request_Without_Start_End_Dates" time="45.014"/>
  <testcase classname="testcases.Transaction_History_QTW_1494.Transaction_History_QTW1494" name="End_Date_Behind_Start_Date" time="44.102"/>
  <testcase classname="testcases.Senders_Name_QTW_1513.Senders_Name_QTW_1513" name="View_Senders_Name_Receipt" time="44.473"/>
  <testcase classname="testcases.Senders_Name_QTW_1513.Senders_Name_QTW_1513" name="View_Senders_Name_In_History" time="52.11"/>
  <testcase classname="testcases.Quickteller_Homes_Hyperlink_QTW_1493.QTHomesHyperlinkQTW1493" name="fromAnyPage" time="15.24"/>
  <testcase classname="testcases.Quickteller_Homes_Hyperlink_QTW_1493.QTHomesHyperlinkQTW1493" name="loggedIN" time="17.252"/>
  <testcase classname="testcases.Quickteller_Homes_Hyperlink_QTW_1493.QTHomesHyperlinkQTW1493" name="withoutLogin" time="13.065"/>
  <testcase classname="testcases.Announcement_Card_QTW_1507.AnnouncementCardQTW1507" name="AnnouncementCardIsPresentInQT" time="8.43"/>
  <testcase classname="testcases.Announcement_Card_QTW_1507.AnnouncementCardQTW1507" name="NavigateToReferAfriendNoLink" time="14.827"/>
  <testcase classname="testcases.Announcement_Card_QTW_1507.AnnouncementCardQTW1507" name="AnnouncementCardSwitchingResumed" time="30.436"/>
  <testcase classname="testcases.Announcement_Card_QTW_1507.AnnouncementCardQTW1507" name="TotheNextSlide" time="15.35"/>
  <testcase classname="testcases.Announcement_Card_QTW_1507.AnnouncementCardQTW1507" name="TothePreviousSlide" time="28.136"/>
  <testcase classname="testcases.Announcement_Card_QTW_1507.AnnouncementCardQTW1507" name="NavigateToQTbot" time="9.044"/>
  <testcase classname="testcases.Announcement_Card_QTW_1507.AnnouncementCardQTW1507" name="AnnouncementCardSwitchingisPaused" time="0.0">
    <skipped/>
  </testcase> <!-- AnnouncementCardSwitchingisPaused -->
  <testcase classname="testcases.Announcement_Card_QTW_1507.AnnouncementCardQTW1507" name="NavigateToReferAfriendLinkCreated" time="0.0">
    <skipped/>
  </testcase> <!-- NavigateToReferAfriendLinkCreated -->
  <testcase classname="testcases.Announcement_Card_QTW_1507.AnnouncementCardQTW1507" name="NavigateToQTTransport" time="0.0">
    <skipped/>
  </testcase> <!-- NavigateToQTTransport -->
  <testcase classname="testcases.Announcement_Card_QTW_1507.AnnouncementCardQTW1507" name="NavigateToQTLoans" time="0.0">
    <skipped/>
  </testcase> <!-- NavigateToQTLoans -->
  <testcase classname="testcases.Announcement_Card_QTW_1507.AnnouncementCardQTW1507" name="cancelAnnouncementCard" time="0.0">
    <skipped/>
  </testcase> <!-- cancelAnnouncementCard -->
  <testcase classname="testcases.Announcement_Card_QTW_1507.AnnouncementCardQTW1507" name="SkiptheAnnouncementCard" time="0.0">
    <skipped/>
  </testcase> <!-- SkiptheAnnouncementCard -->
  <testcase classname="testcases.Announcement_Card_QTW_1507.AnnouncementCardQTW1507" name="AnnouncementCardisNotDisplayedonsubsequentLogin" time="0.0">
    <skipped/>
  </testcase> <!-- AnnouncementCardisNotDisplayedonsubsequentLogin -->
  <testcase classname="testcases.Alterna_Survey_links_QTW_1534.Alterna_Survey_links_QTW_1534" name="After_Registration" time="18.821">
    <skipped/>
  </testcase> <!-- After_Registration -->
  <testcase classname="testcases.Alterna_Survey_links_QTW_1534.Alterna_Survey_links_QTW_1534" name="After_Registration" time="18.241">
    <failure type="java.lang.AssertionError" message="The following asserts failed:
	expected [https://customerfeedback.interswitchgroup.com/] but found [https://quickteller-innovation.k8.isw.la/dashboard]">
      <![CDATA[java.lang.AssertionError: The following asserts failed:
expected [https://customerfeedback.interswitchgroup.com/] but found [https://quickteller-innovation.k8.isw.la/dashboard]
at stepDefinition.Alterna_Survey_links_QTW_1534.Alterna_Survey_links_Methods.Registration(Alterna_Survey_links_Methods.java:65)
at testcases.Alterna_Survey_links_QTW_1534.Alterna_Survey_links_QTW_1534.After_Registration(Alterna_Survey_links_QTW_1534.java:12)
at java.base/java.util.ArrayList.forEach(ArrayList.java:1596)
... Removed 27 stack frames]]>
    </failure>
  </testcase> <!-- After_Registration -->
  <testcase classname="testcases.infowre_frm_wlthhub_QTW1533.Infoware_Wlthub_QTW_1533" name="Cannot_Access_Wealthhub" time="16.707"/>
  <testcase classname="testcases.infowre_frm_wlthhub_QTW1533.Infoware_Wlthub_QTW_1533" name="Return_To_Service_Module" time="34.254"/>
  <testcase classname="testcases.infowre_frm_wlthhub_QTW1533.Infoware_Wlthub_QTW_1533" name="Wealth_Hub_Intro_Page" time="28.703"/>
  <testcase classname="testcases.infowre_frm_wlthhub_QTW1533.Infoware_Wlthub_QTW_1533" name="Wealth_Hub_Landing_Page" time="28.35"/>
  <testcase classname="testcases.infowre_frm_wlthhub_QTW1533.Infoware_Wlthub_QTW_1533" name="Wealth_Hub_Investement_Page" time="36.742"/>
  <testcase classname="testcases.infowre_frm_wlthhub_QTW1533.Infoware_Wlthub_QTW_1533" name="Inforware_Iframe" time="50.367"/>
  <testcase classname="testcases.Transaction_History_QTW_1494.Transaction_History_QTW1494" name="Request_For_Trans_Statement" time="0.0">
    <ignored/>
  </testcase> <!-- Request_For_Trans_Statement -->
  <testcase classname="testcases.Transaction_History_QTW_1494.Transaction_History_QTW1494" name="Request_For_Trans_Statement_Without_Prompt" time="0.0">
    <ignored/>
  </testcase> <!-- Request_For_Trans_Statement_Without_Prompt -->
  <testcase classname="testcases.Transaction_History_QTW_1494.Transaction_History_QTW1494" name="Request_For_Antother_Statement" time="0.0">
    <ignored/>
  </testcase> <!-- Request_For_Antother_Statement -->
</testsuite> <!-- UAT Test -->
