<?xml version="1.0" encoding="UTF-8"?>
<!-- Generated by org.testng.reporters.JUnitReportReporter -->
<testsuite hostname="ISW-221119-1086" failures="1" tests="2" name="testcases.Alterna_Survey_links_QTW_1534.Alterna_Survey_links_QTW_1534" time="121.869" errors="0" timestamp="2023-11-02T10:54:58 WAT" skipped="1">
  <testcase classname="testcases.Alterna_Survey_links_QTW_1534.Alterna_Survey_links_QTW_1534" name="After_Registration" time="50.985">
    <skipped/>
    <system-out>
      <![CDATA[The Method Name is: After_Registration]]>
    </system-out>
  </testcase> <!-- After_Registration -->
  <testcase classname="testcases.Alterna_Survey_links_QTW_1534.Alterna_Survey_links_QTW_1534" name="After_Registration" time="70.884">
    <failure message="The following asserts failed:
	expected [https://customerfeedback.interswitchgroup.com/] but found [https://quickteller-innovation.k8.isw.la/dashboard]" type="java.lang.AssertionError">
      <![CDATA[java.lang.AssertionError: The following asserts failed:
expected [https://customerfeedback.interswitchgroup.com/] but found [https://quickteller-innovation.k8.isw.la/dashboard]
at org.testng.asserts.SoftAssert.assertAll(SoftAssert.java:46)
at org.testng.asserts.SoftAssert.assertAll(SoftAssert.java:30)
at stepDefinition.Alterna_Survey_links_QTW_1534.Alterna_Survey_links_Methods.Registration(Alterna_Survey_links_Methods.java:65)
at testcases.Alterna_Survey_links_QTW_1534.Alterna_Survey_links_QTW_1534.After_Registration(Alterna_Survey_links_QTW_1534.java:12)
at java.base/jdk.internal.reflect.DirectMethodHandleAccessor.invoke(DirectMethodHandleAccessor.java:103)
at java.base/java.lang.reflect.Method.invoke(Method.java:580)
at org.testng.internal.invokers.MethodInvocationHelper.invokeMethod(MethodInvocationHelper.java:139)
at org.testng.internal.invokers.TestInvoker.invokeMethod(TestInvoker.java:664)
at org.testng.internal.invokers.TestInvoker.retryFailed(TestInvoker.java:248)
at org.testng.internal.invokers.MethodRunner.runInSequence(MethodRunner.java:62)
at org.testng.internal.invokers.TestInvoker$MethodInvocationAgent.invoke(TestInvoker.java:957)
at org.testng.internal.invokers.TestInvoker.invokeTestMethods(TestInvoker.java:200)
at org.testng.internal.invokers.TestMethodWorker.invokeTestMethods(TestMethodWorker.java:148)
at org.testng.internal.invokers.TestMethodWorker.run(TestMethodWorker.java:128)
at java.base/java.util.ArrayList.forEach(ArrayList.java:1596)
at org.testng.TestRunner.privateRun(TestRunner.java:848)
at org.testng.TestRunner.run(TestRunner.java:621)
at org.testng.SuiteRunner.runTest(SuiteRunner.java:443)
at org.testng.SuiteRunner.runSequentially(SuiteRunner.java:437)
at org.testng.SuiteRunner.privateRun(SuiteRunner.java:397)
at org.testng.SuiteRunner.run(SuiteRunner.java:336)
at org.testng.SuiteRunnerWorker.runSuite(SuiteRunnerWorker.java:52)
at org.testng.SuiteRunnerWorker.run(SuiteRunnerWorker.java:95)
at org.testng.TestNG.runSuitesSequentially(TestNG.java:1280)
at org.testng.TestNG.runSuitesLocally(TestNG.java:1200)
at org.testng.TestNG.runSuites(TestNG.java:1114)
at org.testng.TestNG.run(TestNG.java:1082)
at org.testng.remote.AbstractRemoteTestNG.run(AbstractRemoteTestNG.java:115)
at org.testng.remote.RemoteTestNG.initAndRun(RemoteTestNG.java:251)
at org.testng.remote.RemoteTestNG.main(RemoteTestNG.java:77)
]]>
    </failure>
    <system-out>
      <![CDATA[The Method Name is: After_Registration
The cause is: java.lang.AssertionError: The following asserts failed:
expected [https://customerfeedback.interswitchgroup.com/] but found [https://quickteller-innovation.k8.isw.la/dashboard]]]>
    </system-out>
  </testcase> <!-- After_Registration -->
  <system-out>
    <![CDATA[The Method Name is: Testcase_One
The Status is: 1
The Method Name is: Testcase_Two
The Status is: 1
The Method Name is: TestCase_One
The Status is: 1
The Method Name is: TestCase_Two
The Status is: 1
The Method Name is: TestCase_Three
The Status is: 1
The Method Name is: TestCase_Four
The Status is: 1
The Method Name is: TestCase_Five
The Status is: 1
The Method Name is: TestCase_Six
The Status is: 1
The Method Name is: TestCase_Seven
The Status is: 1
The Method Name is: Successful_Transaction
The Status is: 1
The Method Name is: Transaction_History
The Status is: 1
The Method Name is: SixMonths_Transaction_History
The Status is: 1
The Method Name is: Filter_Transactions
The Status is: 1
The Method Name is: Request_For_transaction_Statement
The Status is: 1
The Method Name is: No_statement_Beyond_SixMonths
The Status is: 1
The Method Name is: Navigate_To_Trans_Statement_From_Prompt
The Status is: 1
The Method Name is: Submit_Request_Without_Start_End_Dates
The Status is: 1
The Method Name is: End_Date_Behind_Start_Date
The Status is: 1
The Method Name is: View_Senders_Name_Receipt
The Status is: 1
The Method Name is: View_Senders_Name_In_History
The Status is: 1
The Method Name is: fromAnyPage
The Status is: 1
The Method Name is: loggedIN
The Status is: 1
The Method Name is: withoutLogin
The Status is: 1
The Method Name is: AnnouncementCardIsPresentInQT
The Status is: 1
The Method Name is: NavigateToReferAfriendNoLink
The Status is: 1
The Method Name is: AnnouncementCardSwitchingResumed
The Status is: 1
The Method Name is: TotheNextSlide
The Status is: 1
The Method Name is: TothePreviousSlide
The Status is: 1
The Method Name is: NavigateToQTbot
The Status is: 1
The Method Name is: AnnouncementCardSwitchingisPaused
The Method Name is: NavigateToReferAfriendLinkCreated
The Method Name is: NavigateToQTTransport
The Method Name is: NavigateToQTLoans
The Method Name is: cancelAnnouncementCard
The Method Name is: SkiptheAnnouncementCard
The Method Name is: AnnouncementCardisNotDisplayedonsubsequentLogin
The Method Name is: After_Registration
The Method Name is: After_Registration
The cause is: java.lang.AssertionError: The following asserts failed:
expected [https://customerfeedback.interswitchgroup.com/] but found [https://quickteller-innovation.k8.isw.la/dashboard]
The Method Name is: Cannot_Access_Wealthhub
The Status is: 1
The Method Name is: Return_To_Service_Module
The Status is: 1
The Method Name is: Wealth_Hub_Intro_Page
The Status is: 1
The Method Name is: Wealth_Hub_Landing_Page
The Status is: 1
The Method Name is: Wealth_Hub_Investement_Page
The Status is: 1
The Method Name is: Inforware_Iframe
The Status is: 1]]>
  </system-out>
</testsuite> <!-- testcases.Alterna_Survey_links_QTW_1534.Alterna_Survey_links_QTW_1534 -->
