<?xml version="1.0" encoding="UTF-8"?>
<!-- Generated by org.testng.reporters.JUnitReportReporter -->
<testsuite hostname="ISW-221119-1086" failures="0" tests="14" name="testcases.Announcement_Card_QTW_1507.AnnouncementCardQTW1507" time="484.531" errors="1" timestamp="2023-11-02T10:54:58 WAT" skipped="7">
  <testcase classname="testcases.Announcement_Card_QTW_1507.AnnouncementCardQTW1507" name="launch_browser" time="234.661">
    <error message="java.util.concurrent.TimeoutException
Build info: version: &#039;4.12.1&#039;, revision: &#039;8e34639b11&#039;
System info: os.name: &#039;Windows 10&#039;, os.arch: &#039;amd64&#039;, os.version: &#039;10.0&#039;, java.version: &#039;21&#039;
Driver info: org.openqa.selenium.chrome.ChromeDriver
Command: [870480fda8d0f30e006725d6a8b5fe10, get {url=https://quickteller-innovation.k8.isw.la/}]
Capabilities {acceptInsecureCerts: false, browserName: chrome, browserVersion: 118.0.5993.118, chrome: {chromedriverVersion: 118.0.5993.70 (e52f33f30b91..., userDataDir: C:\Users\DANIEL~1.OGA\AppDa...}, fedcm:accounts: true, goog:chromeOptions: {debuggerAddress: localhost:58411}, networkConnectionEnabled: false, pageLoadStrategy: normal, platformName: windows, proxy: Proxy(), se:cdp: ws://localhost:58411/devtoo..., se:cdpVersion: 118.0.5993.118, setWindowRect: true, strictFileInteractability: false, timeouts: {implicit: 0, pageLoad: 300000, script: 30000}, unhandledPromptBehavior: dismiss and notify, webauthn:extension:credBlob: true, webauthn:extension:largeBlob: true, webauthn:extension:minPinLength: true, webauthn:extension:prf: true, webauthn:virtualAuthenticators: true}
Session ID: 870480fda8d0f30e006725d6a8b5fe10" type="org.openqa.selenium.TimeoutException">
      <![CDATA[org.openqa.selenium.TimeoutException: java.util.concurrent.TimeoutException
Build info: version: '4.12.1', revision: '8e34639b11'
System info: os.name: 'Windows 10', os.arch: 'amd64', os.version: '10.0', java.version: '21'
Driver info: org.openqa.selenium.chrome.ChromeDriver
Command: [870480fda8d0f30e006725d6a8b5fe10, get {url=https://quickteller-innovation.k8.isw.la/}]
Capabilities {acceptInsecureCerts: false, browserName: chrome, browserVersion: 118.0.5993.118, chrome: {chromedriverVersion: 118.0.5993.70 (e52f33f30b91..., userDataDir: C:\Users\DANIEL~1.OGA\AppDa...}, fedcm:accounts: true, goog:chromeOptions: {debuggerAddress: localhost:58411}, networkConnectionEnabled: false, pageLoadStrategy: normal, platformName: windows, proxy: Proxy(), se:cdp: ws://localhost:58411/devtoo..., se:cdpVersion: 118.0.5993.118, setWindowRect: true, strictFileInteractability: false, timeouts: {implicit: 0, pageLoad: 300000, script: 30000}, unhandledPromptBehavior: dismiss and notify, webauthn:extension:credBlob: true, webauthn:extension:largeBlob: true, webauthn:extension:minPinLength: true, webauthn:extension:prf: true, webauthn:virtualAuthenticators: true}
Session ID: 870480fda8d0f30e006725d6a8b5fe10
at org.openqa.selenium.remote.http.netty.NettyHttpHandler.makeCall(NettyHttpHandler.java:65)
at org.openqa.selenium.remote.http.AddSeleniumUserAgent.lambda$apply$0(AddSeleniumUserAgent.java:42)
at org.openqa.selenium.remote.http.Filter.lambda$andFinally$1(Filter.java:55)
at org.openqa.selenium.remote.http.netty.NettyHttpHandler.execute(NettyHttpHandler.java:48)
at org.openqa.selenium.remote.http.netty.NettyClient.execute(NettyClient.java:96)
at org.openqa.selenium.remote.HttpCommandExecutor.execute(HttpCommandExecutor.java:188)
at org.openqa.selenium.remote.service.DriverCommandExecutor.invokeExecute(DriverCommandExecutor.java:196)
at org.openqa.selenium.remote.service.DriverCommandExecutor.execute(DriverCommandExecutor.java:171)
at org.openqa.selenium.remote.RemoteWebDriver.execute(RemoteWebDriver.java:602)
at org.openqa.selenium.remote.RemoteWebDriver.get(RemoteWebDriver.java:304)
at base.Announcement_Card_QTW_1507.AnnouncementCardBrowserSetup.launch_browser(AnnouncementCardBrowserSetup.java:52)
at java.base/jdk.internal.reflect.DirectMethodHandleAccessor.invoke(DirectMethodHandleAccessor.java:103)
at java.base/java.lang.reflect.Method.invoke(Method.java:580)
at org.testng.internal.invokers.MethodInvocationHelper.invokeMethod(MethodInvocationHelper.java:139)
at org.testng.internal.invokers.MethodInvocationHelper.invokeMethodConsideringTimeout(MethodInvocationHelper.java:69)
at org.testng.internal.invokers.ConfigInvoker.invokeConfigurationMethod(ConfigInvoker.java:390)
at org.testng.internal.invokers.ConfigInvoker.invokeConfigurations(ConfigInvoker.java:325)
at org.testng.internal.invokers.TestInvoker.runConfigMethods(TestInvoker.java:810)
at org.testng.internal.invokers.TestInvoker.invokeMethod(TestInvoker.java:577)
at org.testng.internal.invokers.TestInvoker.invokeTestMethod(TestInvoker.java:227)
at org.testng.internal.invokers.MethodRunner.runInSequence(MethodRunner.java:50)
at org.testng.internal.invokers.TestInvoker$MethodInvocationAgent.invoke(TestInvoker.java:957)
at org.testng.internal.invokers.TestInvoker.invokeTestMethods(TestInvoker.java:200)
at org.testng.internal.invokers.TestMethodWorker.invokeTestMethods(TestMethodWorker.java:148)
at org.testng.internal.invokers.TestMethodWorker.run(TestMethodWorker.java:128)
at java.base/java.util.ArrayList.forEach(ArrayList.java:1596)
at org.testng.TestRunner.privateRun(TestRunner.java:848)
at org.testng.TestRunner.run(TestRunner.java:621)
at org.testng.SuiteRunner.runTest(SuiteRunner.java:443)
at org.testng.SuiteRunner.runSequentially(SuiteRunner.java:437)
at org.testng.SuiteRunner.privateRun(SuiteRunner.java:397)
at org.testng.SuiteRunner.run(SuiteRunner.java:336)
at org.testng.SuiteRunnerWorker.runSuite(SuiteRunnerWorker.java:52)
at org.testng.SuiteRunnerWorker.run(SuiteRunnerWorker.java:95)
at org.testng.TestNG.runSuitesSequentially(TestNG.java:1280)
at org.testng.TestNG.runSuitesLocally(TestNG.java:1200)
at org.testng.TestNG.runSuites(TestNG.java:1114)
at org.testng.TestNG.run(TestNG.java:1082)
at org.testng.remote.AbstractRemoteTestNG.run(AbstractRemoteTestNG.java:115)
at org.testng.remote.RemoteTestNG.initAndRun(RemoteTestNG.java:251)
at org.testng.remote.RemoteTestNG.main(RemoteTestNG.java:77)
Caused by: java.util.concurrent.TimeoutException
at java.base/java.util.concurrent.CompletableFuture.timedGet(CompletableFuture.java:1960)
at java.base/java.util.concurrent.CompletableFuture.get(CompletableFuture.java:2095)
at org.asynchttpclient.netty.NettyResponseFuture.get(NettyResponseFuture.java:206)
at org.openqa.selenium.remote.http.netty.NettyHttpHandler.makeCall(NettyHttpHandler.java:59)
... 40 more
]]>
    </error>
  </testcase> <!-- launch_browser -->
  <testcase classname="testcases.Announcement_Card_QTW_1507.AnnouncementCardQTW1507" name="AnnouncementCardIsPresentInQT" time="28.869">
    <system-out>
      <![CDATA[The Method Name is: AnnouncementCardIsPresentInQT
The Status is: 1]]>
    </system-out>
  </testcase> <!-- AnnouncementCardIsPresentInQT -->
  <testcase classname="testcases.Announcement_Card_QTW_1507.AnnouncementCardQTW1507" name="NavigateToReferAfriendNoLink" time="31.761">
    <system-out>
      <![CDATA[The Method Name is: NavigateToReferAfriendNoLink
The Status is: 1]]>
    </system-out>
  </testcase> <!-- NavigateToReferAfriendNoLink -->
  <testcase classname="testcases.Announcement_Card_QTW_1507.AnnouncementCardQTW1507" name="AnnouncementCardSwitchingResumed" time="60.040">
    <system-out>
      <![CDATA[The Method Name is: AnnouncementCardSwitchingResumed
The Status is: 1]]>
    </system-out>
  </testcase> <!-- AnnouncementCardSwitchingResumed -->
  <testcase classname="testcases.Announcement_Card_QTW_1507.AnnouncementCardQTW1507" name="TotheNextSlide" time="63.528">
    <system-out>
      <![CDATA[The Method Name is: TotheNextSlide
The Status is: 1]]>
    </system-out>
  </testcase> <!-- TotheNextSlide -->
  <testcase classname="testcases.Announcement_Card_QTW_1507.AnnouncementCardQTW1507" name="TothePreviousSlide" time="56.628">
    <system-out>
      <![CDATA[The Method Name is: TothePreviousSlide
The Status is: 1]]>
    </system-out>
  </testcase> <!-- TothePreviousSlide -->
  <testcase classname="testcases.Announcement_Card_QTW_1507.AnnouncementCardQTW1507" name="NavigateToQTbot" time="9.044">
    <system-out>
      <![CDATA[The Method Name is: NavigateToQTbot
The Status is: 1]]>
    </system-out>
  </testcase> <!-- NavigateToQTbot -->
  <testcase classname="testcases.Announcement_Card_QTW_1507.AnnouncementCardQTW1507" name="AnnouncementCardSwitchingisPaused" time="0.000">
    <skipped/>
    <system-out>
      <![CDATA[The Method Name is: NavigateToReferAfriendLinkCreated]]>
    </system-out>
  </testcase> <!-- AnnouncementCardSwitchingisPaused -->
  <testcase classname="testcases.Announcement_Card_QTW_1507.AnnouncementCardQTW1507" name="NavigateToReferAfriendLinkCreated" time="0.000">
    <skipped/>
    <system-out>
      <![CDATA[The Method Name is: NavigateToQTTransport]]>
    </system-out>
  </testcase> <!-- NavigateToReferAfriendLinkCreated -->
  <testcase classname="testcases.Announcement_Card_QTW_1507.AnnouncementCardQTW1507" name="NavigateToQTTransport" time="0.000">
    <skipped/>
    <system-out>
      <![CDATA[The Method Name is: NavigateToQTLoans]]>
    </system-out>
  </testcase> <!-- NavigateToQTTransport -->
  <testcase classname="testcases.Announcement_Card_QTW_1507.AnnouncementCardQTW1507" name="NavigateToQTLoans" time="0.000">
    <skipped/>
    <system-out>
      <![CDATA[The Method Name is: cancelAnnouncementCard]]>
    </system-out>
  </testcase> <!-- NavigateToQTLoans -->
  <testcase classname="testcases.Announcement_Card_QTW_1507.AnnouncementCardQTW1507" name="cancelAnnouncementCard" time="0.000">
    <skipped/>
    <system-out>
      <![CDATA[The Method Name is: SkiptheAnnouncementCard]]>
    </system-out>
  </testcase> <!-- cancelAnnouncementCard -->
  <testcase classname="testcases.Announcement_Card_QTW_1507.AnnouncementCardQTW1507" name="SkiptheAnnouncementCard" time="0.000">
    <skipped/>
    <system-out>
      <![CDATA[The Method Name is: AnnouncementCardisNotDisplayedonsubsequentLogin]]>
    </system-out>
  </testcase> <!-- SkiptheAnnouncementCard -->
  <testcase classname="testcases.Announcement_Card_QTW_1507.AnnouncementCardQTW1507" name="AnnouncementCardisNotDisplayedonsubsequentLogin" time="0.000">
    <skipped/>
  </testcase> <!-- AnnouncementCardisNotDisplayedonsubsequentLogin -->
  <system-out>
    <![CDATA[The Method Name is: Testcase_One
The Status is: 1
The Method Name is: Testcase_Two
The Status is: 1
The Method Name is: TestCase_One
The Status is: 1
The Method Name is: TestCase_Two
The Status is: 1
The Method Name is: TestCase_Three
The Status is: 1
The Method Name is: TestCase_Four
The Status is: 1
The Method Name is: TestCase_Five
The Status is: 1
The Method Name is: TestCase_Six
The Status is: 1
The Method Name is: TestCase_Seven
The Status is: 1
The Method Name is: Successful_Transaction
The Status is: 1
The Method Name is: Transaction_History
The Status is: 1
The Method Name is: SixMonths_Transaction_History
The Status is: 1
The Method Name is: Filter_Transactions
The Status is: 1
The Method Name is: Request_For_transaction_Statement
The Status is: 1
The Method Name is: No_statement_Beyond_SixMonths
The Status is: 1
The Method Name is: Navigate_To_Trans_Statement_From_Prompt
The Status is: 1
The Method Name is: Submit_Request_Without_Start_End_Dates
The Status is: 1
The Method Name is: End_Date_Behind_Start_Date
The Status is: 1
The Method Name is: View_Senders_Name_Receipt
The Status is: 1
The Method Name is: View_Senders_Name_In_History
The Status is: 1
The Method Name is: fromAnyPage
The Status is: 1
The Method Name is: loggedIN
The Status is: 1
The Method Name is: withoutLogin
The Status is: 1
The Method Name is: AnnouncementCardIsPresentInQT
The Status is: 1
The Method Name is: NavigateToReferAfriendNoLink
The Status is: 1
The Method Name is: AnnouncementCardSwitchingResumed
The Status is: 1
The Method Name is: TotheNextSlide
The Status is: 1
The Method Name is: TothePreviousSlide
The Status is: 1
The Method Name is: NavigateToQTbot
The Status is: 1
The Method Name is: AnnouncementCardSwitchingisPaused
The Method Name is: NavigateToReferAfriendLinkCreated
The Method Name is: NavigateToQTTransport
The Method Name is: NavigateToQTLoans
The Method Name is: cancelAnnouncementCard
The Method Name is: SkiptheAnnouncementCard
The Method Name is: AnnouncementCardisNotDisplayedonsubsequentLogin
The Method Name is: After_Registration
The Method Name is: After_Registration
The cause is: java.lang.AssertionError: The following asserts failed:
expected [https://customerfeedback.interswitchgroup.com/] but found [https://quickteller-innovation.k8.isw.la/dashboard]
The Method Name is: Cannot_Access_Wealthhub
The Status is: 1
The Method Name is: Return_To_Service_Module
The Status is: 1
The Method Name is: Wealth_Hub_Intro_Page
The Status is: 1
The Method Name is: Wealth_Hub_Landing_Page
The Status is: 1
The Method Name is: Wealth_Hub_Investement_Page
The Status is: 1
The Method Name is: Inforware_Iframe
The Status is: 1]]>
  </system-out>
</testsuite> <!-- testcases.Announcement_Card_QTW_1507.AnnouncementCardQTW1507 -->
